<?xml version="1.0" encoding="UTF-8"?>
<!-- Generated by org.testng.reporters.JUnitXMLReporter -->
<testsuite ignored="0" hostname="JV-LAP093" failures="0" tests="7" name="Default test" time="31.422" errors="0" timestamp="2024-08-08T14:39:23 NPT">
  <testcase classname="automated.SystemSnapshot" name="loginTest" time="11.237"/>
  <testcase classname="automated.SystemSnapshot" name="casesQueueTest" time="0.436"/>
  <testcase classname="automated.SystemSnapshot" name="myOpenRfqTest" time="5.124"/>
  <testcase classname="automated.SystemSnapshot" name="myTrainingRfqTest" time="4.227"/>
  <testcase classname="automated.SystemSnapshot" name="myActiveQuotesTest" time="2.638"/>
  <testcase classname="automated.SystemSnapshot" name="globalSearchTest" time="3.168"/>
  <testcase classname="automated.SystemSnapshot" name="createCustomerRFQTest" time="1.045"/>
</testsuite> <!-- Default test -->
