<?xml version="1.0" encoding="UTF-8"?>
<!-- Generated by org.testng.reporters.JUnitXMLReporter -->
<testsuite ignored="0" hostname="JV-LAP093" failures="0" tests="7" name="Default test" time="45.829" errors="0" timestamp="2024-08-07T21:41:02 NPT">
  <testcase classname="automated.SystemSnapshot" name="loginTest" time="10.975"/>
  <testcase classname="automated.SystemSnapshot" name="casesQueueTest" time="5.244"/>
  <testcase classname="automated.SystemSnapshot" name="myOpenRfqTest" time="5.31"/>
  <testcase classname="automated.SystemSnapshot" name="myTrainingRfqTest" time="5.291"/>
  <testcase classname="automated.SystemSnapshot" name="myActiveQuotesTest" time="5.288"/>
  <testcase classname="automated.SystemSnapshot" name="globalSearchTest" time="5.291"/>
  <testcase classname="automated.SystemSnapshot" name="createCustomerRFQTest" time="5.349"/>
</testsuite> <!-- Default test -->
