<?xml version="1.0" encoding="UTF-8"?>
<!-- Generated by org.testng.reporters.JUnitXMLReporter -->
<testsuite ignored="2" hostname="JV-LAP093" failures="0" tests="3" name="Test" time="180.748" errors="0" timestamp="2024-07-10T10:29:31 NPT">
  <testcase classname="monitoring.LoginTest_SQ" name="LoginTest" time="6.247"/>
  <testcase classname="monitoring.SQmonitoring" name="monitoring_messages" time="79.825"/>
  <testcase classname="monitoring.SQmonitoring" name="monitor_caseEmails" time="94.637"/>
  <testcase classname="utilities.UtilBase" name="@BeforeSuite setup" time="0.0">
    <ignored/>
  </testcase> <!-- @BeforeSuite setup -->
  <testcase classname="utilities.UtilBase" name="@AfterSuite teardown" time="0.0">
    <ignored/>
  </testcase> <!-- @AfterSuite teardown -->
</testsuite> <!-- Test -->
