<?xml version="1.0" encoding="UTF-8"?>
<!-- Generated by org.testng.reporters.JUnitXMLReporter -->
<testsuite ignored="0" hostname="JV-LAP093" failures="0" tests="4" name="Test" time="58.127" errors="0" timestamp="2024-09-30T17:51:29 NPT">
  <testcase classname="monitoring.LoginTest_SQ" name="LoginTest" time="5.888"/>
  <testcase classname="monitoring.SQmonitoring" name="LoginTest" time="5.922"/>
  <testcase classname="monitoring.SQmonitoring" name="monitoring_messages" time="11.892"/>
  <testcase classname="monitoring.SQmonitoring" name="monitor_caseEmails" time="34.384"/>
</testsuite> <!-- Test -->
