<?xml version="1.0" encoding="UTF-8"?>
<testng-results ignored="2" total="5" passed="3" failed="0" skipped="0">
  <reporter-output>
  </reporter-output>
  <suite started-at="2024-07-10T10:26:31 NPT" name="Suite" finished-at="2024-07-10T10:29:31 NPT" duration-ms="180748">
    <groups>
    </groups>
    <test started-at="2024-07-10T10:26:31 NPT" name="Test" finished-at="2024-07-10T10:29:31 NPT" duration-ms="180748">
      <class name="monitoring.SQmonitoring">
        <test-method is-config="true" signature="beforeClass()[pri:0, instance:monitoring.SQmonitoring@10e31a9a]" started-at="2024-07-10T10:26:37 NPT" name="beforeClass" finished-at="2024-07-10T10:26:37 NPT" duration-ms="1" status="PASS">
          <reporter-output>
          </reporter-output>
        </test-method> <!-- beforeClass -->
        <test-method signature="monitoring_messages()[pri:1, instance:monitoring.SQmonitoring@10e31a9a]" started-at="2024-07-10T10:26:37 NPT" name="monitoring_messages" finished-at="2024-07-10T10:27:57 NPT" duration-ms="79825" status="PASS">
          <reporter-output>
          </reporter-output>
        </test-method> <!-- monitoring_messages -->
        <test-method signature="monitor_caseEmails()[pri:2, instance:monitoring.SQmonitoring@10e31a9a]" started-at="2024-07-10T10:27:57 NPT" name="monitor_caseEmails" finished-at="2024-07-10T10:29:31 NPT" duration-ms="94637" status="PASS">
          <reporter-output>
          </reporter-output>
        </test-method> <!-- monitor_caseEmails -->
        <test-method is-config="true" signature="afterClass()[pri:0, instance:monitoring.SQmonitoring@10e31a9a]" started-at="2024-07-10T10:29:31 NPT" name="afterClass" finished-at="2024-07-10T10:29:31 NPT" duration-ms="1" status="PASS">
          <reporter-output>
          </reporter-output>
        </test-method> <!-- afterClass -->
      </class> <!-- monitoring.SQmonitoring -->
      <class name="monitoring.LoginTest_SQ">
        <test-method is-config="true" signature="setup()[pri:0, instance:monitoring.LoginTest_SQ@564fabc8]" started-at="2024-07-10T10:26:26 NPT" name="setup" finished-at="2024-07-10T10:26:31 NPT" duration-ms="4281" status="PASS">
          <reporter-output>
          </reporter-output>
        </test-method> <!-- setup -->
        <test-method is-config="true" signature="beforeClass()[pri:0, instance:monitoring.LoginTest_SQ@564fabc8]" started-at="2024-07-10T10:26:31 NPT" name="beforeClass" finished-at="2024-07-10T10:26:31 NPT" duration-ms="0" status="PASS">
          <reporter-output>
          </reporter-output>
        </test-method> <!-- beforeClass -->
        <test-method signature="LoginTest()[pri:1, instance:monitoring.LoginTest_SQ@564fabc8]" started-at="2024-07-10T10:26:31 NPT" name="LoginTest" finished-at="2024-07-10T10:26:37 NPT" duration-ms="6247" status="PASS">
          <reporter-output>
          </reporter-output>
        </test-method> <!-- LoginTest -->
        <test-method is-config="true" signature="afterClass()[pri:0, instance:monitoring.LoginTest_SQ@564fabc8]" started-at="2024-07-10T10:26:37 NPT" name="afterClass" finished-at="2024-07-10T10:26:37 NPT" duration-ms="1" status="PASS">
          <reporter-output>
          </reporter-output>
        </test-method> <!-- afterClass -->
        <test-method is-config="true" signature="teardown()[pri:0, instance:monitoring.LoginTest_SQ@564fabc8]" started-at="2024-07-10T10:29:31 NPT" name="teardown" finished-at="2024-07-10T10:29:32 NPT" duration-ms="276" status="PASS">
          <reporter-output>
          </reporter-output>
        </test-method> <!-- teardown -->
      </class> <!-- monitoring.LoginTest_SQ -->
    </test> <!-- Test -->
  </suite> <!-- Suite -->
</testng-results>
