<?xml version="1.0" encoding="UTF-8"?>
<testng-results ignored="0" total="7" passed="7" failed="0" skipped="0">
  <reporter-output>
  </reporter-output>
  <suite started-at="2024-08-07T23:53:58 NPT" name="Default suite" finished-at="2024-08-07T23:54:22 NPT" duration-ms="24018">
    <groups>
    </groups>
    <test started-at="2024-08-07T23:53:58 NPT" name="Default test" finished-at="2024-08-07T23:54:22 NPT" duration-ms="24018">
      <class name="automated.SystemSnapshot">
        <test-method is-config="true" signature="setup()[pri:0, instance:automated.SystemSnapshot@72d1ad2e]" started-at="2024-08-07T23:53:58 NPT" name="setup" finished-at="2024-08-07T23:54:01 NPT" duration-ms="2774" status="PASS">
          <reporter-output>
          </reporter-output>
        </test-method> <!-- setup -->
        <test-method signature="loginTest()[pri:1, instance:automated.SystemSnapshot@72d1ad2e]" started-at="2024-08-07T23:54:01 NPT" name="loginTest" finished-at="2024-08-07T23:54:12 NPT" duration-ms="11355" status="PASS">
          <reporter-output>
          </reporter-output>
        </test-method> <!-- loginTest -->
        <test-method signature="casesQueueTest()[pri:2, instance:automated.SystemSnapshot@72d1ad2e]" started-at="2024-08-07T23:54:12 NPT" name="casesQueueTest" finished-at="2024-08-07T23:54:12 NPT" duration-ms="376" status="PASS">
          <reporter-output>
          </reporter-output>
        </test-method> <!-- casesQueueTest -->
        <test-method signature="myOpenRfqTest()[pri:3, instance:automated.SystemSnapshot@72d1ad2e]" started-at="2024-08-07T23:54:12 NPT" name="myOpenRfqTest" finished-at="2024-08-07T23:54:15 NPT" duration-ms="2493" status="PASS">
          <reporter-output>
          </reporter-output>
        </test-method> <!-- myOpenRfqTest -->
        <test-method signature="myTrainingRfqTest()[pri:4, instance:automated.SystemSnapshot@72d1ad2e]" started-at="2024-08-07T23:54:15 NPT" name="myTrainingRfqTest" finished-at="2024-08-07T23:54:17 NPT" duration-ms="2014" status="PASS">
          <reporter-output>
          </reporter-output>
        </test-method> <!-- myTrainingRfqTest -->
        <test-method signature="myActiveQuotesTest()[pri:5, instance:automated.SystemSnapshot@72d1ad2e]" started-at="2024-08-07T23:54:17 NPT" name="myActiveQuotesTest" finished-at="2024-08-07T23:54:20 NPT" duration-ms="2636" status="PASS">
          <reporter-output>
          </reporter-output>
        </test-method> <!-- myActiveQuotesTest -->
        <test-method signature="globalSearchTest()[pri:6, instance:automated.SystemSnapshot@72d1ad2e]" started-at="2024-08-07T23:54:20 NPT" name="globalSearchTest" finished-at="2024-08-07T23:54:21 NPT" duration-ms="991" status="PASS">
          <reporter-output>
          </reporter-output>
        </test-method> <!-- globalSearchTest -->
        <test-method signature="createCustomerRFQTest()[pri:7, instance:automated.SystemSnapshot@72d1ad2e]" started-at="2024-08-07T23:54:21 NPT" name="createCustomerRFQTest" finished-at="2024-08-07T23:54:22 NPT" duration-ms="955" status="PASS">
          <reporter-output>
          </reporter-output>
        </test-method> <!-- createCustomerRFQTest -->
        <test-method is-config="true" signature="teardown()[pri:0, instance:automated.SystemSnapshot@72d1ad2e]" started-at="2024-08-07T23:54:22 NPT" name="teardown" finished-at="2024-08-07T23:54:22 NPT" duration-ms="379" status="PASS">
          <reporter-output>
          </reporter-output>
        </test-method> <!-- teardown -->
      </class> <!-- automated.SystemSnapshot -->
    </test> <!-- Default test -->
  </suite> <!-- Default suite -->
</testng-results>
